# JRE version: Java(TM) SE Runtime Environment (7.0_45-b18) (build 1.7.0_45-b18)
# Java VM: Java HotSpot(TM) 64-Bit Server VM (24.45-b08 mixed mode bsd-amd64 compressed oops)
Heap
 par new generation   total 327680K, used 266816K [0x00000005e8000000, 0x0000000600000000, 0x0000000600000000)
  eden space 262144K,  76% used [0x00000005e8000000, 0x00000005f4490298, 0x00000005f8000000)
  from space 65536K, 100% used [0x00000005f8000000, 0x00000005fc000000, 0x00000005fc000000)
  to   space 65536K,   0% used [0x00000005fc000000, 0x00000005fc000000, 0x0000000600000000)
 concurrent mark-sweep generation total 7995392K, used 170935K [0x0000000600000000, 0x00000007e8000000, 0x00000007e8000000)
 concurrent-mark-sweep perm gen total 393216K, used 34397K [0x00000007e8000000, 0x0000000800000000, 0x0000000800000000)
GC Heap History (10 events):
Event: 15.834 GC heap before
{Heap before GC invocations=2 (full 1):
 par new generation   total 327680K, used 262144K [0x00000005e8000000, 0x0000000600000000, 0x0000000600000000)
  eden space 262144K, 100% used [0x00000005e8000000, 0x00000005f8000000, 0x00000005f8000000)
  from space 65536K,   0% used [0x00000005fc000000, 0x00000005fc000000, 0x0000000600000000)
  to   space 65536K,   0% used [0x00000005f8000000, 0x00000005f8000000, 0x00000005fc000000)
 concurrent mark-sweep generation total 7995392K, used 49419K [0x0000000600000000, 0x00000007e8000000, 0x00000007e8000000)
 concurrent-mark-sweep perm gen total 393216K, used 24680K [0x00000007e8000000, 0x0000000800000000, 0x0000000800000000)
Event: 15.922 GC heap after
Heap after GC invocations=3 (full 1):
 par new generation   total 327680K, used 32460K [0x00000005e8000000, 0x0000000600000000, 0x0000000600000000)
  eden space 262144K,   0% used [0x00000005e8000000, 0x00000005e8000000, 0x00000005f8000000)
  from space 65536K,  49% used [0x00000005f8000000, 0x00000005f9fb31d0, 0x00000005fc000000)
  to   space 65536K,   0% used [0x00000005fc000000, 0x00000005fc000000, 0x0000000600000000)
 concurrent mark-sweep generation total 7995392K, used 49419K [0x0000000600000000, 0x00000007e8000000, 0x00000007e8000000)
 concurrent-mark-sweep perm gen total 393216K, used 24680K [0x00000007e8000000, 0x0000000800000000, 0x0000000800000000)
}
Event: 18.657 GC heap before
{Heap before GC invocations=3 (full 1):
 par new generation   total 327680K, used 294604K [0x00000005e8000000, 0x0000000600000000, 0x0000000600000000)
  eden space 262144K, 100% used [0x00000005e8000000, 0x00000005f8000000, 0x00000005f8000000)
  from space 65536K,  49% used [0x00000005f8000000, 0x00000005f9fb31d0, 0x00000005fc000000)
  to   space 65536K,   0% used [0x00000005fc000000, 0x00000005fc000000, 0x0000000600000000)
 concurrent mark-sweep generation total 7995392K, used 49419K [0x0000000600000000, 0x00000007e8000000, 0x00000007e8000000)
 concurrent-mark-sweep perm gen total 393216K, used 30477K [0x00000007e8000000, 0x0000000800000000, 0x0000000800000000)
Event: 18.753 GC heap after
Heap after GC invocations=4 (full 1):
 par new generation   total 327680K, used 44998K [0x00000005e8000000, 0x0000000600000000, 0x0000000600000000)
  eden space 262144K,   0% used [0x00000005e8000000, 0x00000005e8000000, 0x00000005f8000000)
  from space 65536K,  68% used [0x00000005fc000000, 0x00000005febf1b60, 0x0000000600000000)
  to   space 65536K,   0% used [0x00000005f8000000, 0x00000005f8000000, 0x00000005fc000000)
 concurrent mark-sweep generation total 7995392K, used 49419K [0x0000000600000000, 0x00000007e8000000, 0x00000007e8000000)
 concurrent-mark-sweep perm gen total 393216K, used 30477K [0x00000007e8000000, 0x0000000800000000, 0x0000000800000000)
}
Event: 20.453 GC heap before
{Heap before GC invocations=4 (full 1):
 par new generation   total 327680K, used 307142K [0x00000005e8000000, 0x0000000600000000, 0x0000000600000000)
  eden space 262144K, 100% used [0x00000005e8000000, 0x00000005f8000000, 0x00000005f8000000)
  from space 65536K,  68% used [0x00000005fc000000, 0x00000005febf1b60, 0x0000000600000000)
  to   space 65536K,   0% used [0x00000005f8000000, 0x00000005f8000000, 0x00000005fc000000)
 concurrent mark-sweep generation total 7995392K, used 49419K [0x0000000600000000, 0x00000007e8000000, 0x00000007e8000000)
 concurrent-mark-sweep perm gen total 393216K, used 31301K [0x00000007e8000000, 0x0000000800000000, 0x0000000800000000)
Event: 20.584 GC heap after
Heap after GC invocations=5 (full 1):
 par new generation   total 327680K, used 63462K [0x00000005e8000000, 0x0000000600000000, 0x0000000600000000)
  eden space 262144K,   0% used [0x00000005e8000000, 0x00000005e8000000, 0x00000005f8000000)
  from space 65536K,  96% used [0x00000005f8000000, 0x00000005fbdf9b68, 0x00000005fc000000)
  to   space 65536K,   0% used [0x00000005fc000000, 0x00000005fc000000, 0x0000000600000000)
 concurrent mark-sweep generation total 7995392K, used 49419K [0x0000000600000000, 0x00000007e8000000, 0x00000007e8000000)
 concurrent-mark-sweep perm gen total 393216K, used 31301K [0x00000007e8000000, 0x0000000800000000, 0x0000000800000000)
}
Event: 24.692 GC heap before
{Heap before GC invocations=5 (full 1):
 par new generation   total 327680K, used 325606K [0x00000005e8000000, 0x0000000600000000, 0x0000000600000000)
  eden space 262144K, 100% used [0x00000005e8000000, 0x00000005f8000000, 0x00000005f8000000)
  from space 65536K,  96% used [0x00000005f8000000, 0x00000005fbdf9b68, 0x00000005fc000000)
  to   space 65536K,   0% used [0x00000005fc000000, 0x00000005fc000000, 0x0000000600000000)
 concurrent mark-sweep generation total 7995392K, used 49419K [0x0000000600000000, 0x00000007e8000000, 0x00000007e8000000)
 concurrent-mark-sweep perm gen total 393216K, used 31728K [0x00000007e8000000, 0x0000000800000000, 0x0000000800000000)
Event: 25.264 GC heap after
Heap after GC invocations=6 (full 1):
 par new generation   total 327680K, used 65536K [0x00000005e8000000, 0x0000000600000000, 0x0000000600000000)
  eden space 262144K,   0% used [0x00000005e8000000, 0x00000005e8000000, 0x00000005f8000000)
  from space 65536K, 100% used [0x00000005fc000000, 0x0000000600000000, 0x0000000600000000)
  to   space 65536K,   0% used [0x00000005f8000000, 0x00000005f8000000, 0x00000005fc000000)
 concurrent mark-sweep generation total 7995392K, used 110887K [0x0000000600000000, 0x00000007e8000000, 0x00000007e8000000)
 concurrent-mark-sweep perm gen total 393216K, used 31728K [0x00000007e8000000, 0x0000000800000000, 0x0000000800000000)
}
Event: 27.060 GC heap before
{Heap before GC invocations=6 (full 1):
 par new generation   total 327680K, used 327680K [0x00000005e8000000, 0x0000000600000000, 0x0000000600000000)
  eden space 262144K, 100% used [0x00000005e8000000, 0x00000005f8000000, 0x00000005f8000000)
  from space 65536K, 100% used [0x00000005fc000000, 0x0000000600000000, 0x0000000600000000)
  to   space 65536K,   0% used [0x00000005f8000000, 0x00000005f8000000, 0x00000005fc000000)
 concurrent mark-sweep generation total 7995392K, used 110887K [0x0000000600000000, 0x00000007e8000000, 0x00000007e8000000)
 concurrent-mark-sweep perm gen total 393216K, used 32488K [0x00000007e8000000, 0x0000000800000000, 0x0000000800000000)
Event: 27.378 GC heap after
Heap after GC invocations=7 (full 1):
 par new generation   total 327680K, used 65536K [0x00000005e8000000, 0x0000000600000000, 0x0000000600000000)
  eden space 262144K,   0% used [0x00000005e8000000, 0x00000005e8000000, 0x00000005f8000000)
  from space 65536K, 100% used [0x00000005f8000000, 0x00000005fc000000, 0x00000005fc000000)
  to   space 65536K,   0% used [0x00000005fc000000, 0x00000005fc000000, 0x0000000600000000)
 concurrent mark-sweep generation total 7995392K, used 170935K [0x0000000600000000, 0x00000007e8000000, 0x00000007e8000000)
 concurrent-mark-sweep perm gen total 393216K, used 32488K [0x00000007e8000000, 0x0000000800000000, 0x0000000800000000)
}

